[0.099s] DEBUG:colcon:Command line arguments: ['/usr/bin/colcon', 'build']
[0.099s] DEBUG:colcon:Parsed command line arguments: Namespace(log_base=None, log_level=None, verb_name='build', build_base='build', install_base='install', merge_install=False, symlink_install=False, test_result_base=None, continue_on_error=False, executor='parallel', parallel_workers=6, event_handlers=None, ignore_user_meta=False, metas=['./colcon.meta'], base_paths=['.'], packages_ignore=None, packages_ignore_regex=None, paths=None, packages_up_to=None, packages_up_to_regex=None, packages_above=None, packages_above_and_dependencies=None, packages_above_depth=None, packages_select_by_dep=None, packages_skip_by_dep=None, packages_skip_up_to=None, packages_select_build_failed=False, packages_skip_build_finished=False, packages_select_test_failures=False, packages_skip_test_passed=False, packages_select=None, packages_skip=None, packages_select_regex=None, packages_skip_regex=None, packages_start=None, packages_end=None, allow_overriding=[], cmake_args=None, cmake_target=None, cmake_target_skip_unavailable=False, cmake_clean_cache=False, cmake_clean_first=False, cmake_force_configure=False, ament_cmake_args=None, catkin_cmake_args=None, catkin_skip_building_tests=False, mixin_files=None, mixin=None, verb_parser=<colcon_mixin.mixin.mixin_argument.MixinArgumentDecorator object at 0x7fa62e95aa10>, verb_extension=<colcon_core.verb.build.BuildVerb object at 0x7fa62e95a4d0>, main=<bound method BuildVerb.main of <colcon_core.verb.build.BuildVerb object at 0x7fa62e95a4d0>>, mixin_verb=('build',))
[0.247s] Level 1:colcon.colcon_core.package_discovery:discover_packages(colcon_meta) check parameters
[0.247s] Level 1:colcon.colcon_core.package_discovery:discover_packages(recursive) check parameters
[0.247s] Level 1:colcon.colcon_core.package_discovery:discover_packages(ignore) check parameters
[0.247s] Level 1:colcon.colcon_core.package_discovery:discover_packages(path) check parameters
[0.247s] Level 1:colcon.colcon_core.package_discovery:discover_packages(colcon_meta) discover
[0.247s] Level 1:colcon.colcon_core.package_discovery:discover_packages(recursive) discover
[0.247s] INFO:colcon.colcon_core.package_discovery:Crawling recursively for packages in '/home/yashwanth/Desktop/maze_solving/Autonomous-Maze-Solving-Turtlebot3-Simulation'
[0.248s] Level 1:colcon.colcon_core.package_identification:_identify(.) by extensions ['ignore', 'ignore_ament_install']
[0.248s] Level 1:colcon.colcon_core.package_identification:_identify(.) by extension 'ignore'
[0.248s] Level 1:colcon.colcon_core.package_identification:_identify(.) by extension 'ignore_ament_install'
[0.248s] Level 1:colcon.colcon_core.package_identification:_identify(.) by extensions ['colcon_pkg']
[0.248s] Level 1:colcon.colcon_core.package_identification:_identify(.) by extension 'colcon_pkg'
[0.248s] Level 1:colcon.colcon_core.package_identification:_identify(.) by extensions ['colcon_meta']
[0.248s] Level 1:colcon.colcon_core.package_identification:_identify(.) by extension 'colcon_meta'
[0.248s] Level 1:colcon.colcon_core.package_identification:_identify(.) by extensions ['ros']
[0.248s] Level 1:colcon.colcon_core.package_identification:_identify(.) by extension 'ros'
[0.256s] Level 1:colcon.colcon_core.package_identification:_identify(.) by extensions ['cmake', 'python']
[0.256s] Level 1:colcon.colcon_core.package_identification:_identify(.) by extension 'cmake'
[0.256s] Level 1:colcon.colcon_core.package_identification:_identify(.) by extension 'python'
[0.256s] Level 1:colcon.colcon_core.package_identification:_identify(.) by extensions ['python_setup_py']
[0.256s] Level 1:colcon.colcon_core.package_identification:_identify(.) by extension 'python_setup_py'
[0.256s] Level 1:colcon.colcon_core.package_identification:_identify(build) by extensions ['ignore', 'ignore_ament_install']
[0.256s] Level 1:colcon.colcon_core.package_identification:_identify(build) by extension 'ignore'
[0.256s] Level 1:colcon.colcon_core.package_identification:_identify(build) ignored
[0.256s] Level 1:colcon.colcon_core.package_identification:_identify(install) by extensions ['ignore', 'ignore_ament_install']
[0.256s] Level 1:colcon.colcon_core.package_identification:_identify(install) by extension 'ignore'
[0.256s] Level 1:colcon.colcon_core.package_identification:_identify(install) ignored
[0.256s] Level 1:colcon.colcon_core.package_identification:_identify(log) by extensions ['ignore', 'ignore_ament_install']
[0.257s] Level 1:colcon.colcon_core.package_identification:_identify(log) by extension 'ignore'
[0.257s] Level 1:colcon.colcon_core.package_identification:_identify(log) ignored
[0.257s] Level 1:colcon.colcon_core.package_identification:_identify(src) by extensions ['ignore', 'ignore_ament_install']
[0.257s] Level 1:colcon.colcon_core.package_identification:_identify(src) by extension 'ignore'
[0.257s] Level 1:colcon.colcon_core.package_identification:_identify(src) by extension 'ignore_ament_install'
[0.257s] Level 1:colcon.colcon_core.package_identification:_identify(src) by extensions ['colcon_pkg']
[0.257s] Level 1:colcon.colcon_core.package_identification:_identify(src) by extension 'colcon_pkg'
[0.257s] Level 1:colcon.colcon_core.package_identification:_identify(src) by extensions ['colcon_meta']
[0.257s] Level 1:colcon.colcon_core.package_identification:_identify(src) by extension 'colcon_meta'
[0.257s] Level 1:colcon.colcon_core.package_identification:_identify(src) by extensions ['ros']
[0.257s] Level 1:colcon.colcon_core.package_identification:_identify(src) by extension 'ros'
[0.257s] Level 1:colcon.colcon_core.package_identification:_identify(src) by extensions ['cmake', 'python']
[0.257s] Level 1:colcon.colcon_core.package_identification:_identify(src) by extension 'cmake'
[0.257s] Level 1:colcon.colcon_core.package_identification:_identify(src) by extension 'python'
[0.257s] Level 1:colcon.colcon_core.package_identification:_identify(src) by extensions ['python_setup_py']
[0.257s] Level 1:colcon.colcon_core.package_identification:_identify(src) by extension 'python_setup_py'
[0.257s] Level 1:colcon.colcon_core.package_identification:_identify(src/autonomous_tb3) by extensions ['ignore', 'ignore_ament_install']
[0.257s] Level 1:colcon.colcon_core.package_identification:_identify(src/autonomous_tb3) by extension 'ignore'
[0.257s] Level 1:colcon.colcon_core.package_identification:_identify(src/autonomous_tb3) by extension 'ignore_ament_install'
[0.257s] Level 1:colcon.colcon_core.package_identification:_identify(src/autonomous_tb3) by extensions ['colcon_pkg']
[0.257s] Level 1:colcon.colcon_core.package_identification:_identify(src/autonomous_tb3) by extension 'colcon_pkg'
[0.257s] Level 1:colcon.colcon_core.package_identification:_identify(src/autonomous_tb3) by extensions ['colcon_meta']
[0.257s] Level 1:colcon.colcon_core.package_identification:_identify(src/autonomous_tb3) by extension 'colcon_meta'
[0.257s] Level 1:colcon.colcon_core.package_identification:_identify(src/autonomous_tb3) by extensions ['ros']
[0.257s] Level 1:colcon.colcon_core.package_identification:_identify(src/autonomous_tb3) by extension 'ros'
[0.259s] DEBUG:colcon.colcon_core.package_identification:Package 'src/autonomous_tb3' with type 'ros.ament_cmake' and name 'autonomous_tb3'
[0.259s] Level 1:colcon.colcon_core.package_discovery:discover_packages(recursive) using defaults
[0.259s] Level 1:colcon.colcon_core.package_discovery:discover_packages(ignore) discover
[0.259s] Level 1:colcon.colcon_core.package_discovery:discover_packages(ignore) using defaults
[0.259s] Level 1:colcon.colcon_core.package_discovery:discover_packages(path) discover
[0.259s] Level 1:colcon.colcon_core.package_discovery:discover_packages(path) using defaults
[0.274s] Level 1:colcon.colcon_core.package_discovery:discover_packages(prefix_path) check parameters
[0.274s] Level 1:colcon.colcon_core.package_discovery:discover_packages(prefix_path) discover
[0.275s] DEBUG:colcon.colcon_installed_package_information.package_discovery:Found 1 installed packages in /home/yashwanth/Desktop/maze_solving/Autonomous-Maze-Solving-Turtlebot3-Simulation/install
[0.276s] DEBUG:colcon.colcon_installed_package_information.package_discovery:Found 360 installed packages in /opt/ros/humble
[0.277s] Level 1:colcon.colcon_core.package_discovery:discover_packages(prefix_path) using defaults
[0.305s] Level 5:colcon.colcon_core.verb:set package 'autonomous_tb3' build argument 'cmake_args' from command line to 'None'
[0.305s] Level 5:colcon.colcon_core.verb:set package 'autonomous_tb3' build argument 'cmake_target' from command line to 'None'
[0.305s] Level 5:colcon.colcon_core.verb:set package 'autonomous_tb3' build argument 'cmake_target_skip_unavailable' from command line to 'False'
[0.305s] Level 5:colcon.colcon_core.verb:set package 'autonomous_tb3' build argument 'cmake_clean_cache' from command line to 'False'
[0.305s] Level 5:colcon.colcon_core.verb:set package 'autonomous_tb3' build argument 'cmake_clean_first' from command line to 'False'
[0.305s] Level 5:colcon.colcon_core.verb:set package 'autonomous_tb3' build argument 'cmake_force_configure' from command line to 'False'
[0.305s] Level 5:colcon.colcon_core.verb:set package 'autonomous_tb3' build argument 'ament_cmake_args' from command line to 'None'
[0.305s] Level 5:colcon.colcon_core.verb:set package 'autonomous_tb3' build argument 'catkin_cmake_args' from command line to 'None'
[0.305s] Level 5:colcon.colcon_core.verb:set package 'autonomous_tb3' build argument 'catkin_skip_building_tests' from command line to 'False'
[0.305s] DEBUG:colcon.colcon_core.verb:Building package 'autonomous_tb3' with the following arguments: {'ament_cmake_args': None, 'build_base': '/home/yashwanth/Desktop/maze_solving/Autonomous-Maze-Solving-Turtlebot3-Simulation/build/autonomous_tb3', 'catkin_cmake_args': None, 'catkin_skip_building_tests': False, 'cmake_args': None, 'cmake_clean_cache': False, 'cmake_clean_first': False, 'cmake_force_configure': False, 'cmake_target': None, 'cmake_target_skip_unavailable': False, 'install_base': '/home/yashwanth/Desktop/maze_solving/Autonomous-Maze-Solving-Turtlebot3-Simulation/install/autonomous_tb3', 'merge_install': False, 'path': '/home/yashwanth/Desktop/maze_solving/Autonomous-Maze-Solving-Turtlebot3-Simulation/src/autonomous_tb3', 'symlink_install': False, 'test_result_base': None}
[0.305s] INFO:colcon.colcon_core.executor:Executing jobs using 'parallel' executor
[0.307s] DEBUG:colcon.colcon_parallel_executor.executor.parallel:run_until_complete
[0.308s] INFO:colcon.colcon_ros.task.ament_cmake.build:Building ROS package in '/home/yashwanth/Desktop/maze_solving/Autonomous-Maze-Solving-Turtlebot3-Simulation/src/autonomous_tb3' with build type 'ament_cmake'
[0.309s] INFO:colcon.colcon_cmake.task.cmake.build:Building CMake package in '/home/yashwanth/Desktop/maze_solving/Autonomous-Maze-Solving-Turtlebot3-Simulation/src/autonomous_tb3'
[0.311s] INFO:colcon.colcon_core.plugin_system:Skipping extension 'colcon_core.shell.bat': Not used on non-Windows systems
[0.311s] INFO:colcon.colcon_core.shell:Skip shell extension 'powershell' for command environment: Not usable outside of PowerShell
[0.311s] DEBUG:colcon.colcon_core.shell:Skip shell extension 'dsv' for command environment
[0.322s] DEBUG:colcon.colcon_core.event_handler.log_command:Invoking command in '/home/yashwanth/Desktop/maze_solving/Autonomous-Maze-Solving-Turtlebot3-Simulation/build/autonomous_tb3': CMAKE_PREFIX_PATH=${CMAKE_PREFIX_PATH}:/opt/ros/humble /usr/bin/cmake --build /home/yashwanth/Desktop/maze_solving/Autonomous-Maze-Solving-Turtlebot3-Simulation/build/autonomous_tb3 -- -j6 -l6
[0.675s] DEBUG:colcon.colcon_core.event_handler.log_command:Invoked command in '/home/yashwanth/Desktop/maze_solving/Autonomous-Maze-Solving-Turtlebot3-Simulation/build/autonomous_tb3' returned '0': CMAKE_PREFIX_PATH=${CMAKE_PREFIX_PATH}:/opt/ros/humble /usr/bin/cmake --build /home/yashwanth/Desktop/maze_solving/Autonomous-Maze-Solving-Turtlebot3-Simulation/build/autonomous_tb3 -- -j6 -l6
[0.686s] DEBUG:colcon.colcon_core.event_handler.log_command:Invoking command in '/home/yashwanth/Desktop/maze_solving/Autonomous-Maze-Solving-Turtlebot3-Simulation/build/autonomous_tb3': CMAKE_PREFIX_PATH=${CMAKE_PREFIX_PATH}:/opt/ros/humble /usr/bin/cmake --install /home/yashwanth/Desktop/maze_solving/Autonomous-Maze-Solving-Turtlebot3-Simulation/build/autonomous_tb3
[0.741s] Level 1:colcon.colcon_core.environment:create_environment_scripts_only(autonomous_tb3)
[0.742s] DEBUG:colcon.colcon_core.event_handler.log_command:Invoked command in '/home/yashwanth/Desktop/maze_solving/Autonomous-Maze-Solving-Turtlebot3-Simulation/build/autonomous_tb3' returned '0': CMAKE_PREFIX_PATH=${CMAKE_PREFIX_PATH}:/opt/ros/humble /usr/bin/cmake --install /home/yashwanth/Desktop/maze_solving/Autonomous-Maze-Solving-Turtlebot3-Simulation/build/autonomous_tb3
[0.743s] Level 1:colcon.colcon_core.environment:checking '/home/yashwanth/Desktop/maze_solving/Autonomous-Maze-Solving-Turtlebot3-Simulation/install/autonomous_tb3' for CMake module files
[0.744s] Level 1:colcon.colcon_core.environment:checking '/home/yashwanth/Desktop/maze_solving/Autonomous-Maze-Solving-Turtlebot3-Simulation/install/autonomous_tb3' for CMake config files
[0.744s] Level 1:colcon.colcon_core.shell:create_environment_hook('autonomous_tb3', 'cmake_prefix_path')
[0.744s] INFO:colcon.colcon_core.shell:Creating environment hook '/home/yashwanth/Desktop/maze_solving/Autonomous-Maze-Solving-Turtlebot3-Simulation/install/autonomous_tb3/share/autonomous_tb3/hook/cmake_prefix_path.ps1'
[0.745s] INFO:colcon.colcon_core.shell:Creating environment descriptor '/home/yashwanth/Desktop/maze_solving/Autonomous-Maze-Solving-Turtlebot3-Simulation/install/autonomous_tb3/share/autonomous_tb3/hook/cmake_prefix_path.dsv'
[0.745s] INFO:colcon.colcon_core.shell:Creating environment hook '/home/yashwanth/Desktop/maze_solving/Autonomous-Maze-Solving-Turtlebot3-Simulation/install/autonomous_tb3/share/autonomous_tb3/hook/cmake_prefix_path.sh'
[0.746s] Level 1:colcon.colcon_core.environment:checking '/home/yashwanth/Desktop/maze_solving/Autonomous-Maze-Solving-Turtlebot3-Simulation/install/autonomous_tb3/lib'
[0.747s] Level 1:colcon.colcon_core.environment:checking '/home/yashwanth/Desktop/maze_solving/Autonomous-Maze-Solving-Turtlebot3-Simulation/install/autonomous_tb3/bin'
[0.747s] Level 1:colcon.colcon_core.environment:checking '/home/yashwanth/Desktop/maze_solving/Autonomous-Maze-Solving-Turtlebot3-Simulation/install/autonomous_tb3/lib/pkgconfig/autonomous_tb3.pc'
[0.747s] Level 1:colcon.colcon_core.environment:checking '/home/yashwanth/Desktop/maze_solving/Autonomous-Maze-Solving-Turtlebot3-Simulation/install/autonomous_tb3/lib/python3.10/site-packages'
[0.747s] Level 1:colcon.colcon_core.environment:checking '/home/yashwanth/Desktop/maze_solving/Autonomous-Maze-Solving-Turtlebot3-Simulation/install/autonomous_tb3/bin'
[0.747s] INFO:colcon.colcon_core.shell:Creating package script '/home/yashwanth/Desktop/maze_solving/Autonomous-Maze-Solving-Turtlebot3-Simulation/install/autonomous_tb3/share/autonomous_tb3/package.ps1'
[0.748s] INFO:colcon.colcon_core.shell:Creating package descriptor '/home/yashwanth/Desktop/maze_solving/Autonomous-Maze-Solving-Turtlebot3-Simulation/install/autonomous_tb3/share/autonomous_tb3/package.dsv'
[0.748s] INFO:colcon.colcon_core.shell:Creating package script '/home/yashwanth/Desktop/maze_solving/Autonomous-Maze-Solving-Turtlebot3-Simulation/install/autonomous_tb3/share/autonomous_tb3/package.sh'
[0.749s] INFO:colcon.colcon_core.shell:Creating package script '/home/yashwanth/Desktop/maze_solving/Autonomous-Maze-Solving-Turtlebot3-Simulation/install/autonomous_tb3/share/autonomous_tb3/package.bash'
[0.749s] INFO:colcon.colcon_core.shell:Creating package script '/home/yashwanth/Desktop/maze_solving/Autonomous-Maze-Solving-Turtlebot3-Simulation/install/autonomous_tb3/share/autonomous_tb3/package.zsh'
[0.750s] Level 1:colcon.colcon_core.environment:create_file_with_runtime_dependencies(/home/yashwanth/Desktop/maze_solving/Autonomous-Maze-Solving-Turtlebot3-Simulation/install/autonomous_tb3/share/colcon-core/packages/autonomous_tb3)
[0.751s] Level 1:colcon.colcon_core.environment:create_environment_scripts_only(autonomous_tb3)
[0.751s] Level 1:colcon.colcon_core.environment:checking '/home/yashwanth/Desktop/maze_solving/Autonomous-Maze-Solving-Turtlebot3-Simulation/install/autonomous_tb3' for CMake module files
[0.751s] Level 1:colcon.colcon_core.environment:checking '/home/yashwanth/Desktop/maze_solving/Autonomous-Maze-Solving-Turtlebot3-Simulation/install/autonomous_tb3' for CMake config files
[0.751s] Level 1:colcon.colcon_core.shell:create_environment_hook('autonomous_tb3', 'cmake_prefix_path')
[0.751s] INFO:colcon.colcon_core.shell:Creating environment hook '/home/yashwanth/Desktop/maze_solving/Autonomous-Maze-Solving-Turtlebot3-Simulation/install/autonomous_tb3/share/autonomous_tb3/hook/cmake_prefix_path.ps1'
[0.752s] INFO:colcon.colcon_core.shell:Creating environment descriptor '/home/yashwanth/Desktop/maze_solving/Autonomous-Maze-Solving-Turtlebot3-Simulation/install/autonomous_tb3/share/autonomous_tb3/hook/cmake_prefix_path.dsv'
[0.752s] INFO:colcon.colcon_core.shell:Creating environment hook '/home/yashwanth/Desktop/maze_solving/Autonomous-Maze-Solving-Turtlebot3-Simulation/install/autonomous_tb3/share/autonomous_tb3/hook/cmake_prefix_path.sh'
[0.753s] Level 1:colcon.colcon_core.environment:checking '/home/yashwanth/Desktop/maze_solving/Autonomous-Maze-Solving-Turtlebot3-Simulation/install/autonomous_tb3/lib'
[0.753s] Level 1:colcon.colcon_core.environment:checking '/home/yashwanth/Desktop/maze_solving/Autonomous-Maze-Solving-Turtlebot3-Simulation/install/autonomous_tb3/bin'
[0.753s] Level 1:colcon.colcon_core.environment:checking '/home/yashwanth/Desktop/maze_solving/Autonomous-Maze-Solving-Turtlebot3-Simulation/install/autonomous_tb3/lib/pkgconfig/autonomous_tb3.pc'
[0.753s] Level 1:colcon.colcon_core.environment:checking '/home/yashwanth/Desktop/maze_solving/Autonomous-Maze-Solving-Turtlebot3-Simulation/install/autonomous_tb3/lib/python3.10/site-packages'
[0.753s] Level 1:colcon.colcon_core.environment:checking '/home/yashwanth/Desktop/maze_solving/Autonomous-Maze-Solving-Turtlebot3-Simulation/install/autonomous_tb3/bin'
[0.754s] INFO:colcon.colcon_core.shell:Creating package script '/home/yashwanth/Desktop/maze_solving/Autonomous-Maze-Solving-Turtlebot3-Simulation/install/autonomous_tb3/share/autonomous_tb3/package.ps1'
[0.754s] INFO:colcon.colcon_core.shell:Creating package descriptor '/home/yashwanth/Desktop/maze_solving/Autonomous-Maze-Solving-Turtlebot3-Simulation/install/autonomous_tb3/share/autonomous_tb3/package.dsv'
[0.754s] INFO:colcon.colcon_core.shell:Creating package script '/home/yashwanth/Desktop/maze_solving/Autonomous-Maze-Solving-Turtlebot3-Simulation/install/autonomous_tb3/share/autonomous_tb3/package.sh'
[0.755s] INFO:colcon.colcon_core.shell:Creating package script '/home/yashwanth/Desktop/maze_solving/Autonomous-Maze-Solving-Turtlebot3-Simulation/install/autonomous_tb3/share/autonomous_tb3/package.bash'
[0.755s] INFO:colcon.colcon_core.shell:Creating package script '/home/yashwanth/Desktop/maze_solving/Autonomous-Maze-Solving-Turtlebot3-Simulation/install/autonomous_tb3/share/autonomous_tb3/package.zsh'
[0.756s] Level 1:colcon.colcon_core.environment:create_file_with_runtime_dependencies(/home/yashwanth/Desktop/maze_solving/Autonomous-Maze-Solving-Turtlebot3-Simulation/install/autonomous_tb3/share/colcon-core/packages/autonomous_tb3)
[0.756s] DEBUG:colcon.colcon_parallel_executor.executor.parallel:closing loop
[0.756s] DEBUG:colcon.colcon_parallel_executor.executor.parallel:loop closed
[0.757s] DEBUG:colcon.colcon_parallel_executor.executor.parallel:run_until_complete finished with '0'
[0.757s] DEBUG:colcon.colcon_core.event_reactor:joining thread
[0.774s] INFO:colcon.colcon_core.plugin_system:Skipping extension 'colcon_notification.desktop_notification.terminal_notifier': Not used on non-Darwin systems
[0.774s] INFO:colcon.colcon_core.plugin_system:Skipping extension 'colcon_notification.desktop_notification.win32': Not used on non-Windows systems
[0.774s] INFO:colcon.colcon_notification.desktop_notification:Sending desktop notification using 'notify2'
[0.791s] DEBUG:colcon.colcon_core.event_reactor:joined thread
[0.792s] INFO:colcon.colcon_core.shell:Creating prefix script '/home/yashwanth/Desktop/maze_solving/Autonomous-Maze-Solving-Turtlebot3-Simulation/install/local_setup.ps1'
[0.793s] INFO:colcon.colcon_core.shell:Creating prefix util module '/home/yashwanth/Desktop/maze_solving/Autonomous-Maze-Solving-Turtlebot3-Simulation/install/_local_setup_util_ps1.py'
[0.795s] INFO:colcon.colcon_core.shell:Creating prefix chain script '/home/yashwanth/Desktop/maze_solving/Autonomous-Maze-Solving-Turtlebot3-Simulation/install/setup.ps1'
[0.796s] INFO:colcon.colcon_core.shell:Creating prefix script '/home/yashwanth/Desktop/maze_solving/Autonomous-Maze-Solving-Turtlebot3-Simulation/install/local_setup.sh'
[0.796s] INFO:colcon.colcon_core.shell:Creating prefix util module '/home/yashwanth/Desktop/maze_solving/Autonomous-Maze-Solving-Turtlebot3-Simulation/install/_local_setup_util_sh.py'
[0.797s] INFO:colcon.colcon_core.shell:Creating prefix chain script '/home/yashwanth/Desktop/maze_solving/Autonomous-Maze-Solving-Turtlebot3-Simulation/install/setup.sh'
[0.798s] INFO:colcon.colcon_core.shell:Creating prefix script '/home/yashwanth/Desktop/maze_solving/Autonomous-Maze-Solving-Turtlebot3-Simulation/install/local_setup.bash'
[0.799s] INFO:colcon.colcon_core.shell:Creating prefix chain script '/home/yashwanth/Desktop/maze_solving/Autonomous-Maze-Solving-Turtlebot3-Simulation/install/setup.bash'
[0.800s] INFO:colcon.colcon_core.shell:Creating prefix script '/home/yashwanth/Desktop/maze_solving/Autonomous-Maze-Solving-Turtlebot3-Simulation/install/local_setup.zsh'
[0.800s] INFO:colcon.colcon_core.shell:Creating prefix chain script '/home/yashwanth/Desktop/maze_solving/Autonomous-Maze-Solving-Turtlebot3-Simulation/install/setup.zsh'
